<?xml version="1.0" encoding="UTF-8"?>
<!-- Generated by org.testng.reporters.JUnitXMLReporter -->
<testsuite ignored="2" hostname="TECLOHP" failures="0" tests="1" name="GRP-bvt" time="0.166" errors="0" timestamp="2024-05-26T15:20:54 IST">
  <testcase classname="ui.GroupDemoTest" name="bTest2" time="0.036"/>
  <testcase classname="ui.GroupDemoTest" name="aTest1" time="0.0">
    <ignored/>
  </testcase> <!-- aTest1 -->
  <testcase classname="ui.GroupDemoTest" name="aTest3" time="0.0">
    <ignored/>
  </testcase> <!-- aTest3 -->
</testsuite> <!-- GRP-bvt -->
