<?xml version="1.0" encoding="UTF-8"?>
<!-- Generated by org.testng.reporters.JUnitXMLReporter -->
<testsuite ignored="0" hostname="TECLOHP" failures="0" tests="3" name="GRP-user-registration" time="0.168" errors="0" timestamp="2024-05-26T15:25:32 IST">
  <testcase classname="ui.GroupDemoTest" name="aTest3" time="0.028"/>
  <testcase classname="ui.GroupDemoTest" name="aTest1" time="0.008"/>
  <testcase classname="ui.GroupDemoTest" name="bTest2" time="0.007"/>
</testsuite> <!-- GRP-user-registration -->
