<?xml version="1.0" encoding="UTF-8"?>
<!-- Generated by org.testng.reporters.JUnitXMLReporter -->
<testsuite ignored="0" hostname="TECLOHP" failures="0" tests="4" name="Default test" time="0.228" errors="0" timestamp="2024-08-06T19:55:10 IST">
  <testcase classname="ui.ReportTest" name="reporterTest1" time="0.041"/>
  <testcase classname="ui.ReportTest" name="reporterTest2" time="0.005"/>
  <testcase classname="ui.ReportTest" name="reporterTest3" time="0.007"/>
  <testcase classname="ui.ReportTest" name="reporterTest4" time="0.01"/>
</testsuite> <!-- Default test -->
