<?xml version="1.0" encoding="UTF-8"?>
<!-- Generated by org.testng.reporters.JUnitXMLReporter -->
<testsuite ignored="0" hostname="TECLOHP" failures="0" tests="4" name="Functional testing" time="0.164" errors="0" timestamp="2024-05-29T20:40:34 IST">
  <testcase classname="ui.ReportTest" name="reporterTest1" time="0.026"/>
  <testcase classname="ui.ReportTest" name="reporterTest2" time="0.009"/>
  <testcase classname="ui.ReportTest" name="reporterTest3" time="0.004"/>
  <testcase classname="ui.ReportTest" name="reporterTest4" time="0.009"/>
</testsuite> <!-- Functional testing -->
