<?xml version="1.0" encoding="UTF-8"?>
<!-- Generated by org.testng.reporters.JUnitXMLReporter -->
<testsuite ignored="0" hostname="TECLOHP" failures="0" tests="3" name="Test Before Suite After Suite" time="0.153" errors="0" timestamp="2024-05-26T23:56:09 IST">
  <testcase classname="ui.BeforeGoups_BeforeClass" name="Test1" time="0.022"/>
  <testcase classname="ui.BeforeGoups_BeforeClass" name="Test3" time="0.005"/>
  <testcase classname="ui.BeforeGoups_BeforeClass" name="Test2" time="0.01"/>
</testsuite> <!-- Test Before Suite After Suite -->
